<?xml version="1.0" encoding="UTF-8"?>
<testsuite name="APIAutomationFramework"
           tests="4"
           failures="0"
           errors="0"
           skipped="0"
           time="9.355">
    <properties></properties>



            <testcase
                name="testCreateBooking"
                time="5.474"
                classname="org.example.tests.integration.TCIntegrationFlow">
            </testcase>
            <testcase
                name="testDeleteBookingById"
                time="1.341"
                classname="org.example.tests.integration.TCIntegrationFlow">
            </testcase>
            <testcase
                name="testVerifyBookingId"
                time="1.315"
                classname="org.example.tests.integration.TCIntegrationFlow">
            </testcase>
            <testcase
                name="testUpdateBookingByID"
                time="1.225"
                classname="org.example.tests.integration.TCIntegrationFlow">
            </testcase>
</testsuite>
