<?xml version="1.0" encoding="UTF-8"?>
<testsuite name="APIAutomationFramework"
           tests="2"
           failures="0"
           errors="0"
           skipped="0"
           time="0.130">
    <properties></properties>



            <testcase
                name="testVWOLogin"
                time="0.006"
                classname="org.example.tests.ddt.vwoLogin">
            </testcase>
            <testcase
                name="testVWOLogin"
                time="0.124"
                classname="org.example.tests.ddt.vwoLogin">
            </testcase>
</testsuite>
